src/application/services/storage.service.ts(5,1): error TS6192: All imports in import declaration are unused.
src/application/services/storage.service.ts(230,27): error TS6133: 'state' is declared but its value is never read.
src/application/services/storage.service.ts(251,7): error TS6133: 'CACHE_DURATION' is declared but its value is never read.
src/application/services/storage.service.ts(345,39): error TS6133: 'months' is declared but its value is never read.
src/presentation/components/AIAssistant.tsx(2,10): error TS6133: 'User' is declared but its value is never read.
src/presentation/components/AIAssistant.tsx(2,16): error TS6133: 'MessageSquare' is declared but its value is never read.
src/presentation/components/AIAssistant.tsx(9,57): error TS6133: 'appState' is declared but its value is never read.
src/presentation/components/features/admin/AdminUserManagement.tsx(22,26): error TS6133: 'setStatusFilter' is declared but its value is never read.
src/presentation/components/features/admin/tabs/AdminBugs.tsx(2,59): error TS6133: 'MessageSquare' is declared but its value is never read.
src/presentation/components/features/admin/tabs/AdminGovernance.tsx(2,53): error TS6133: 'Trophy' is declared but its value is never read.
src/presentation/components/features/admin/tabs/AdminInvestments.tsx(2,28): error TS6133: 'DollarSign' is declared but its value is never read.
src/presentation/components/features/admin/tabs/AdminMetrics.tsx(10,11): error TS6133: 'debouncedMetricsSearch' is declared but its value is never read.
src/presentation/components/features/admin/tabs/AdminSystem.tsx(2,22): error TS6133: 'Coins' is declared but its value is never read.
src/presentation/components/features/admin/tabs/AdminSystem.tsx(96,11): error TS6133: 'handleUpdateProfit' is declared but its value is never read.
src/presentation/components/features/store/admin-store.component.tsx(2,31): error TS6133: 'ExternalLink' is declared but its value is never read.
src/presentation/components/layout/main-layout.component.tsx(1,17): error TS6133: 'useEffect' is declared but its value is never read.
src/presentation/components/layout/main-layout.component.tsx(2,120): error TS6133: 'MessageCircle' is declared but its value is never read.
src/presentation/components/layout/main-layout.component.tsx(3,1): error TS6133: 'AdBanner' is declared but its value is never read.
src/presentation/components/ui/card-modal.component.tsx(30,26): error TS6133: 'setInstallments' is declared but its value is never read.
src/presentation/components/ui/ConfirmModal.tsx(33,11): error TS6133: 'iconColor' is declared but its value is never read.
src/presentation/components/ui/pix-modal.component.tsx(3,29): error TS6133: 'XIcon' is declared but its value is never read.
src/presentation/components/ui/PromoVideoPlayer.tsx(2,54): error TS6133: 'Play' is declared but its value is never read.
src/presentation/components/ui/ReviewModal.tsx(16,5): error TS6133: 'transactionId' is declared but its value is never read.
src/presentation/components/ui/TermsAcceptanceModal.tsx(1,35): error TS6133: 'useEffect' is declared but its value is never read.
src/presentation/components/ui/update-notification.component.tsx(1,17): error TS6133: 'useEffect' is declared but its value is never read.
src/presentation/components/views/AdminView.tsx(1,8): error TS6133: 'React' is declared but its value is never read.
src/presentation/components/views/AuthScreen.tsx(30,12): error TS6133: 'is2FASetup' is declared but its value is never read.
src/presentation/components/views/Dashboard.tsx(1,8): error TS6133: 'React' is declared but its value is never read.
src/presentation/components/views/Dashboard.tsx(9,20): error TS6133: 'User' is declared but its value is never read.
src/presentation/components/views/Dashboard.tsx(26,57): error TS6133: 'onLoans' is declared but its value is never read.
src/presentation/components/views/Dashboard.tsx(35,11): error TS6133: 'isPro' is declared but its value is never read.
src/presentation/components/views/Dashboard.tsx(37,40): error TS6133: 'totalCurrentValue' is declared but its value is never read.
src/presentation/components/views/Dashboard.tsx(46,11): error TS6198: All destructured elements are unused.
src/presentation/components/views/Dashboard.tsx(55,11): error TS6133: 'welcomeBenefit' is declared but its value is never read.
src/presentation/components/views/Dashboard.tsx(153,11): error TS6133: 'progressToNext' is declared but its value is never read.
src/presentation/components/views/EarnView.tsx(1,8): error TS6133: 'React' is declared but its value is never read.
src/presentation/components/views/EarnView.tsx(5,5): error TS6133: 'ChevronRight' is declared but its value is never read.
src/presentation/components/views/EarnView.tsx(5,47): error TS6133: 'Play' is declared but its value is never read.
src/presentation/components/views/EarnView.tsx(8,1): error TS6133: 'PromoVideoPlayer' is declared but its value is never read.
src/presentation/components/views/EducationView.tsx(27,12): error TS6133: 'totalPoints' is declared but its value is never read.
src/presentation/components/views/EducationView.tsx(27,25): error TS6133: 'setTotalPoints' is declared but its value is never read.
src/presentation/components/views/HistoryView.tsx(1,8): error TS6133: 'React' is declared but its value is never read.
src/presentation/components/views/HistoryView.tsx(1,27): error TS6133: 'useEffect' is declared but its value is never read.
src/presentation/components/views/HistoryView.tsx(94,11): error TS6133: 'formatTime' is declared but its value is never read.
src/presentation/components/views/InvestView.tsx(1,8): error TS6133: 'React' is declared but its value is never read.
src/presentation/components/views/InvestView.tsx(11,37): error TS6133: 'isPro' is declared but its value is never read.
src/presentation/components/views/LoansView.tsx(1,8): error TS6133: 'React' is declared but its value is never read.
src/presentation/components/views/LoansView.tsx(2,49): error TS6133: 'CheckCircle2' is declared but its value is never read.
src/presentation/components/views/LoansView.tsx(6,1): error TS6133: 'AdBanner' is declared but its value is never read.
src/presentation/components/views/LoansView.tsx(22,12): error TS6133: 'viewDetailsId' is declared but its value is never read.
src/presentation/components/views/LoansView.tsx(22,27): error TS6133: 'setViewDetailsId' is declared but its value is never read.
src/presentation/components/views/LoansView.tsx(26,11): error TS6133: 'isPro' is declared but its value is never read.
src/presentation/components/views/LoansView.tsx(51,11): error TS6133: 'getRemainingInstallments' is declared but its value is never read.
src/presentation/components/views/LoansView.tsx(272,27): error TS6133: 'isUrgent' is declared but its value is never read.
src/presentation/components/views/MarketplaceView.tsx(1,44): error TS6133: 'useMemo' is declared but its value is never read.
src/presentation/components/views/MarketplaceView.tsx(4,58): error TS6133: 'MessageCircle' is declared but its value is never read.
src/presentation/components/views/MarketplaceView.tsx(5,12): error TS6133: 'Clock' is declared but its value is never read.
src/presentation/components/views/MarketplaceView.tsx(6,13): error TS6133: 'WifiOff' is declared but its value is never read.
src/presentation/components/views/MarketplaceView.tsx(6,22): error TS6133: 'ScanLine' is declared but its value is never read.
src/presentation/components/views/MarketplaceView.tsx(8,1): error TS6133: 'QRCodeSVG' is declared but its value is never read.
src/presentation/components/views/MarketplaceView.tsx(9,1): error TS6133: 'Scanner' is declared but its value is never read.
src/presentation/components/views/MarketplaceView.tsx(289,11): error TS6133: 'handleRedeemOfflineCode' is declared but its value is never read.
src/presentation/components/views/MyBugReportsView.tsx(22,77): error TS6133: 'onSuccess' is declared but its value is never read.
src/presentation/components/views/OfflineMarketplaceView.tsx(1,8): error TS6133: 'React' is declared but its value is never read.
src/presentation/components/views/OfflineMarketplaceView.tsx(4,51): error TS6133: 'ArrowRight' is declared but its value is never read.
src/presentation/components/views/OfflineMarketplaceView.tsx(4,85): error TS6133: 'Smartphone' is declared but its value is never read.
src/presentation/components/views/PromoVideosView.tsx(2,16): error TS6133: 'Pause' is declared but its value is never read.
src/presentation/components/views/PromoVideosView.tsx(2,93): error TS6133: 'AlertTriangle' is declared but its value is never read.
src/presentation/components/views/PromoVideosView.tsx(2,137): error TS6133: 'Loader2' is declared but its value is never read.
src/presentation/components/views/PromoVideosView.tsx(862,12): error TS6133: 'paymentSuccessData' is declared but its value is never read.
src/presentation/components/views/PromoVideosView.tsx(862,32): error TS6133: 'setPaymentSuccessData' is declared but its value is never read.
src/presentation/components/views/PromoVideosView.tsx(883,11): error TS6133: 'quotaHoldersShare' is declared but its value is never read.
src/presentation/components/views/PromoVideosView.tsx(884,11): error TS6133: 'serviceFee' is declared but its value is never read.
src/presentation/components/views/SupportAdminView.tsx(1,8): error TS6133: 'React' is declared but its value is never read.
src/presentation/components/views/VotingView.tsx(2,58): error TS6133: 'Clock' is declared but its value is never read.
src/presentation/components/views/VotingView.tsx(2,65): error TS6133: 'AlertTriangle' is declared but its value is never read.
src/presentation/components/views/VotingView.tsx(2,90): error TS6133: 'Download' is declared but its value is never read.
src/presentation/components/views/VotingView.tsx(17,67): error TS6133: 'onBack' is declared but its value is never read.
src/presentation/components/views/VotingView.tsx(25,11): error TS6133: 'totalCommunityMembers' is declared but its value is never read.
src/presentation/components/views/WithdrawView.tsx(1,8): error TS6133: 'React' is declared but its value is never read.
src/presentation/components/views/WithdrawView.tsx(27,28): error TS6133: 'withdrawalAmount' is declared but its value is never read.
src/presentation/components/views/WithdrawView.tsx(90,15): error TS6133: 'amount' is declared but its value is never read.
src/presentation/hooks/use-performance.ts(1,44): error TS6133: 'useMemo' is declared but its value is never read.
src/presentation/pages/app.page.tsx(7,20): error TS6133: 'Quota' is declared but its value is never read.
src/presentation/pages/app.page.tsx(7,27): error TS6133: 'Loan' is declared but its value is never read.
src/presentation/pages/app.page.tsx(7,33): error TS6133: 'Transaction' is declared but its value is never read.
src/presentation/pages/app.page.tsx(7,46): error TS6133: 'User' is declared but its value is never read.
src/presentation/pages/app.page.tsx(10,68): error TS6133: 'Wallet' is declared but its value is never read.
src/presentation/pages/app.page.tsx(10,88): error TS6133: 'ArrowUpFromLine' is declared but its value is never read.
src/presentation/pages/app.page.tsx(84,10): error TS6133: 'showVip' is declared but its value is never read.
src/presentation/pages/app.page.tsx(84,19): error TS6133: 'setShowVip' is declared but its value is never read.
src/presentation/pages/app.page.tsx(161,33): error TS6133: 'e' is declared but its value is never read.
src/presentation/pages/app.page.tsx(310,9): error TS6133: 'handleReinvest' is declared but its value is never read.
src/presentation/pages/app.page.tsx(392,9): error TS6133: 'handleClaimAdReward' is declared but its value is never read.
src/presentation/pages/landing/landing.tsx(1,8): error TS6133: 'React' is declared but its value is never read.
src/presentation/pages/landing/landing.tsx(3,25): error TS6133: 'PiggyBank' is declared but its value is never read.
src/presentation/pages/landing/landing.tsx(3,36): error TS6133: 'CreditCard' is declared but its value is never read.
src/presentation/pages/landing/landing.tsx(4,5): error TS6133: 'Smartphone' is declared but its value is never read.
src/presentation/pages/landing/landing.tsx(4,22): error TS6133: 'XIcon' is declared but its value is never read.
src/presentation/pages/landing/landing.tsx(4,29): error TS6133: 'ChevronDown' is declared but its value is never read.
src/presentation/pages/landing/landing.tsx(11,12): error TS6133: 'activeTab' is declared but its value is never read.
src/presentation/pages/landing/landing.tsx(11,23): error TS6133: 'setActiveTab' is declared but its value is never read.
src/presentation/pages/privacy.page.tsx(1,8): error TS6133: 'React' is declared but its value is never read.
src/presentation/pages/security.page.tsx(1,8): error TS6133: 'React' is declared but its value is never read.
src/presentation/pages/terms.page.tsx(1,8): error TS6133: 'React' is declared but its value is never read.
src/presentation/pages/terms.page.tsx(3,21): error TS6133: 'ScrollText' is declared but its value is never read.
src/presentation/pages/terms.page.tsx(3,82): error TS6133: 'CreditCard' is declared but its value is never read.
src/presentation/pages/terms.page.tsx(3,115): error TS6133: 'Zap' is declared but its value is never read.
src/presentation/pages/terms.page.tsx(3,133): error TS6133: 'Tag' is declared but its value is never read.
src/presentation/pages/welcome.page.tsx(1,8): error TS6133: 'React' is declared but its value is never read.
src/presentation/pages/welcome.page.tsx(2,30): error TS6133: 'PiggyBank' is declared but its value is never read.
src/presentation/pages/welcome.page.tsx(2,41): error TS6133: 'CreditCard' is declared but its value is never read.
src/presentation/pages/welcome.page.tsx(2,80): error TS6133: 'XIcon' is declared but its value is never read.
src/shared/utils/financial.utils.ts(1,1): error TS6133: 'MARKETPLACE_ESCROW_FEE_RATE' is declared but its value is never read.
