src/domain/services/transaction.service.ts(335,13): error TS6133: 'principalAmount' is declared but its value is never read.
src/infrastructure/database/postgresql/connection/pool.ts(9,7): error TS6133: 'isProduction' is declared but its value is never read.
src/infrastructure/gateways/youtube.service.ts(1,1): error TS6133: 'axios' is declared but its value is never read.
src/middleware/rateLimit.ts(21,11): error TS6133: 'windowStart' is declared but its value is never read.
src/presentation/http/routes/admin.routes.ts(491,13): error TS6133: 'giftShareValue' is declared but its value is never read.
src/presentation/http/routes/admin.routes.ts(492,13): error TS6133: 'giftAdmFee' is declared but its value is never read.
src/presentation/http/routes/admin.routes.ts(904,15): error TS6133: 'interestForProfit' is declared but its value is never read.
src/presentation/http/routes/admin.routes.ts(1721,11): error TS6133: 'result' is declared but its value is never read.
src/presentation/http/routes/admin.routes.ts(1783,21): error TS6133: 'description' is declared but its value is never read.
src/presentation/http/routes/admin.routes.ts(2306,21): error TS6133: 'description' is declared but its value is never read.
src/presentation/http/routes/auth.routes.ts(70,9): error TS6133: 'isPanicLogin' is declared but its value is never read.
src/presentation/http/routes/auth.routes.ts(251,11): error TS6133: 'referrerName' is declared but its value is never read.
src/presentation/http/routes/bug-reports.routes.ts(128,15): error TS6133: 'resolvedAt' is declared but its value is never read.
src/presentation/http/routes/education.routes.ts(7,1): error TS6133: 'updateScore' is declared but its value is never read.
src/presentation/http/routes/marketplace.routes.ts(315,15): error TS6133: 'totalAmountWithInterest' is declared but its value is never read.
src/presentation/http/routes/marketplace.routes.ts(813,55): error TS6133: 'creditCard' is declared but its value is never read.
src/presentation/http/routes/products.routes.ts(23,27): error TS6133: 'showAll' is declared but its value is never read.
src/presentation/http/routes/promo-videos.routes.ts(202,19): error TS6133: 'result' is declared but its value is never read.
src/presentation/http/routes/support.routes.ts(2,26): error TS6133: 'adminMiddleware' is declared but its value is never read.
src/presentation/http/routes/users.routes.ts(559,31): error TS6133: 'created_at' is declared but its value is never read.
src/shared/utils/validation.utils.ts(4,7): error TS6133: 'monetaryValue' is declared but its value is never read.
